<?xml version="1.0" encoding="UTF-8"?>
<testng-results ignored="0" total="3" passed="3" failed="0" skipped="0">
  <reporter-output>
  </reporter-output>
  <suite started-at="2023-12-13T20:59:18 IST" name="Suite" finished-at="2023-12-13T20:59:42 IST" duration-ms="23445">
    <groups>
    </groups>
    <test started-at="2023-12-13T20:59:18 IST" name="Chrome Test" finished-at="2023-12-13T20:59:27 IST" duration-ms="9352">
      <class name="Day6_51223.CrossBrowserTest">
        <test-method signature="launchBrowser(java.lang.String)[pri:0, instance:Day6_51223.CrossBrowserTest@738dc9b]" started-at="2023-12-13T20:59:18 IST" name="launchBrowser" finished-at="2023-12-13T20:59:27 IST" duration-ms="9262" status="PASS">
          <params>
            <param index="0">
              <value>
                <![CDATA[Chrome]]>
              </value>
            </param>
          </params>
          <reporter-output>
          </reporter-output>
        </test-method> <!-- launchBrowser -->
      </class> <!-- Day6_51223.CrossBrowserTest -->
    </test> <!-- Chrome Test -->
    <test started-at="2023-12-13T20:59:18 IST" name="Edge Test" finished-at="2023-12-13T20:59:33 IST" duration-ms="14797">
      <class name="Day6_51223.CrossBrowserTest">
        <test-method signature="launchBrowser(java.lang.String)[pri:0, instance:Day6_51223.CrossBrowserTest@7a35b0f5]" started-at="2023-12-13T20:59:18 IST" name="launchBrowser" finished-at="2023-12-13T20:59:33 IST" duration-ms="14717" status="PASS">
          <params>
            <param index="0">
              <value>
                <![CDATA[Edge]]>
              </value>
            </param>
          </params>
          <reporter-output>
          </reporter-output>
        </test-method> <!-- launchBrowser -->
      </class> <!-- Day6_51223.CrossBrowserTest -->
    </test> <!-- Edge Test -->
    <test started-at="2023-12-13T20:59:18 IST" name="Firefox Test" finished-at="2023-12-13T20:59:42 IST" duration-ms="23445">
      <class name="Day6_51223.CrossBrowserTest">
        <test-method signature="launchBrowser(java.lang.String)[pri:0, instance:Day6_51223.CrossBrowserTest@48075da3]" started-at="2023-12-13T20:59:18 IST" name="launchBrowser" finished-at="2023-12-13T20:59:42 IST" duration-ms="23366" status="PASS">
          <params>
            <param index="0">
              <value>
                <![CDATA[Firefox]]>
              </value>
            </param>
          </params>
          <reporter-output>
          </reporter-output>
        </test-method> <!-- launchBrowser -->
      </class> <!-- Day6_51223.CrossBrowserTest -->
    </test> <!-- Firefox Test -->
  </suite> <!-- Suite -->
</testng-results>
